2025-09-16 19:54:02 - c.e.C.CustomermanagementApplication - Starting CustomermanagementApplication using Java 17.0.16 with PID 6551 (/home/santhoshkumar/Desktop/interview perparations/Spring boot/Security/Customermanagement/target/classes started by santhoshkumar in /home/santhoshkumar/Desktop/interview perparations/Spring boot/Security/Customermanagement)
2025-09-16 19:54:02 - c.e.C.CustomermanagementApplication - Running with Spring Boot v3.5.5, Spring v6.2.10
2025-09-16 19:54:02 - c.e.C.CustomermanagementApplication - The following 1 profile is active: "dev"
2025-09-16 19:54:02 - o.s.b.d.e.DevToolsPropertyDefaultsPostProcessor - Devtools property defaults active! Set 'spring.devtools.add-properties' to 'false' to disable
2025-09-16 19:54:02 - o.s.b.d.e.DevToolsPropertyDefaultsPostProcessor - For additional web related logging consider setting the 'logging.level.web' property to 'DEBUG'
2025-09-16 19:54:03 - o.s.d.r.c.RepositoryConfigurationDelegate - Bootstrapping Spring Data JPA repositories in DEFAULT mode.
2025-09-16 19:54:03 - o.s.d.r.c.RepositoryConfigurationDelegate - Finished Spring Data repository scanning in 30 ms. Found 1 JPA repository interface.
2025-09-16 19:54:03 - o.s.b.w.e.tomcat.TomcatWebServer - Tomcat initialized with port 8099 (http)
2025-09-16 19:54:03 - o.a.catalina.core.StandardService - Starting service [Tomcat]
2025-09-16 19:54:03 - o.a.catalina.core.StandardEngine - Starting Servlet engine: [Apache Tomcat/10.1.44]
2025-09-16 19:54:03 - o.a.c.c.C.[Tomcat].[localhost].[/] - Initializing Spring embedded WebApplicationContext
2025-09-16 19:54:03 - o.s.b.w.s.c.ServletWebServerApplicationContext - Root WebApplicationContext: initialization completed in 715 ms
2025-09-16 19:54:03 - o.h.jpa.internal.util.LogHelper - HHH000204: Processing PersistenceUnitInfo [name: default]
2025-09-16 19:54:03 - org.hibernate.Version - HHH000412: Hibernate ORM core version 6.6.26.Final
2025-09-16 19:54:03 - o.h.c.i.RegionFactoryInitiator - HHH000026: Second-level cache disabled
2025-09-16 19:54:03 - o.s.o.j.p.SpringPersistenceUnitInfo - No LoadTimeWeaver setup: ignoring JPA class transformer
2025-09-16 19:54:03 - com.zaxxer.hikari.HikariDataSource - HikariPool-1 - Starting...
2025-09-16 19:54:03 - com.zaxxer.hikari.pool.HikariPool - HikariPool-1 - Added connection org.postgresql.jdbc.PgConnection@3b971aec
2025-09-16 19:54:03 - com.zaxxer.hikari.HikariDataSource - HikariPool-1 - Start completed.
2025-09-16 19:54:03 - o.hibernate.orm.connections.pooling - HHH10001005: Database info:
	Database JDBC URL [Connecting through datasource 'HikariDataSource (HikariPool-1)']
	Database driver: undefined/unknown
	Database version: 17.4
	Autocommit mode: undefined/unknown
	Isolation level: undefined/unknown
	Minimum pool size: undefined/unknown
	Maximum pool size: undefined/unknown
2025-09-16 19:54:04 - o.h.e.t.j.p.i.JtaPlatformInitiator - HHH000489: No JTA platform available (set 'hibernate.transaction.jta.platform' to enable JTA platform integration)
2025-09-16 19:54:04 - o.s.o.j.LocalContainerEntityManagerFactoryBean - Initialized JPA EntityManagerFactory for persistence unit 'default'
2025-09-16 19:54:04 - c.e.C.auth.Authfilter.Jwtfilter - Filter 'jwtfilter' configured for use
2025-09-16 19:54:04 - o.s.s.c.a.a.c.InitializeAuthenticationProviderBeanManagerConfigurer$InitializeAuthenticationProviderManagerConfigurer - Global AuthenticationManager configured with AuthenticationProvider bean with name authenticationProvider
2025-09-16 19:54:04 - o.s.s.c.a.a.c.InitializeUserDetailsBeanManagerConfigurer$InitializeUserDetailsManagerConfigurer - Global AuthenticationManager configured with an AuthenticationProvider bean. UserDetailsService beans will not be used by Spring Security for automatically configuring username/password login. Consider removing the AuthenticationProvider bean. Alternatively, consider using the UserDetailsService in a manually instantiated DaoAuthenticationProvider. If the current configuration is intentional, to turn off this warning, increase the logging level of 'org.springframework.security.config.annotation.authentication.configuration.InitializeUserDetailsBeanManagerConfigurer' to ERROR
2025-09-16 19:54:04 - o.s.b.a.o.j.JpaBaseConfiguration$JpaWebConfiguration - spring.jpa.open-in-view is enabled by default. Therefore, database queries may be performed during view rendering. Explicitly configure spring.jpa.open-in-view to disable this warning
2025-09-16 19:54:04 - o.s.v.b.OptionalValidatorFactoryBean - Failed to set up a Bean Validation provider: jakarta.validation.NoProviderFoundException: Unable to create a Configuration, because no Jakarta Bean Validation provider could be found. Add a provider like Hibernate Validator (RI) to your classpath.
2025-09-16 19:54:04 - o.s.b.d.a.OptionalLiveReloadServer - LiveReload server is running on port 35729
2025-09-16 19:54:04 - o.s.b.w.e.tomcat.TomcatWebServer - Tomcat started on port 8099 (http) with context path '/'
2025-09-16 19:54:04 - c.e.C.CustomermanagementApplication - Started CustomermanagementApplication in 2.204 seconds (process running for 2.372)
2025-09-16 19:54:21 - o.a.c.c.C.[Tomcat].[localhost].[/] - Initializing Spring DispatcherServlet 'dispatcherServlet'
2025-09-16 19:54:21 - o.s.web.servlet.DispatcherServlet - Initializing Servlet 'dispatcherServlet'
2025-09-16 19:54:21 - o.s.web.servlet.DispatcherServlet - Completed initialization in 1 ms
2025-09-16 19:59:09 - o.s.b.w.e.tomcat.GracefulShutdown - Commencing graceful shutdown. Waiting for active requests to complete
2025-09-16 19:59:09 - o.s.b.w.e.tomcat.GracefulShutdown - Graceful shutdown complete
2025-09-16 19:59:09 - o.s.o.j.LocalContainerEntityManagerFactoryBean - Closing JPA EntityManagerFactory for persistence unit 'default'
2025-09-16 19:59:09 - com.zaxxer.hikari.HikariDataSource - HikariPool-1 - Shutdown initiated...
2025-09-16 19:59:09 - com.zaxxer.hikari.HikariDataSource - HikariPool-1 - Shutdown completed.
2025-09-16 19:59:13 - c.e.C.CustomermanagementApplication - Starting CustomermanagementApplication using Java 17.0.16 with PID 9107 (/home/santhoshkumar/Desktop/interview perparations/Spring boot/Security/Customermanagement/target/classes started by santhoshkumar in /home/santhoshkumar/Desktop/interview perparations/Spring boot/Security/Customermanagement)
2025-09-16 19:59:13 - c.e.C.CustomermanagementApplication - Running with Spring Boot v3.5.5, Spring v6.2.10
2025-09-16 19:59:13 - c.e.C.CustomermanagementApplication - The following 1 profile is active: "dev"
2025-09-16 19:59:13 - o.s.b.d.e.DevToolsPropertyDefaultsPostProcessor - Devtools property defaults active! Set 'spring.devtools.add-properties' to 'false' to disable
2025-09-16 19:59:13 - o.s.b.d.e.DevToolsPropertyDefaultsPostProcessor - For additional web related logging consider setting the 'logging.level.web' property to 'DEBUG'
2025-09-16 19:59:13 - o.s.d.r.c.RepositoryConfigurationDelegate - Bootstrapping Spring Data JPA repositories in DEFAULT mode.
2025-09-16 19:59:13 - o.s.d.r.c.RepositoryConfigurationDelegate - Finished Spring Data repository scanning in 30 ms. Found 1 JPA repository interface.
2025-09-16 19:59:13 - o.s.b.w.e.tomcat.TomcatWebServer - Tomcat initialized with port 8099 (http)
2025-09-16 19:59:13 - o.a.catalina.core.StandardService - Starting service [Tomcat]
2025-09-16 19:59:13 - o.a.catalina.core.StandardEngine - Starting Servlet engine: [Apache Tomcat/10.1.44]
2025-09-16 19:59:13 - o.a.c.c.C.[Tomcat].[localhost].[/] - Initializing Spring embedded WebApplicationContext
2025-09-16 19:59:13 - o.s.b.w.s.c.ServletWebServerApplicationContext - Root WebApplicationContext: initialization completed in 689 ms
2025-09-16 19:59:14 - o.h.jpa.internal.util.LogHelper - HHH000204: Processing PersistenceUnitInfo [name: default]
2025-09-16 19:59:14 - org.hibernate.Version - HHH000412: Hibernate ORM core version 6.6.26.Final
2025-09-16 19:59:14 - o.h.c.i.RegionFactoryInitiator - HHH000026: Second-level cache disabled
2025-09-16 19:59:14 - o.s.o.j.p.SpringPersistenceUnitInfo - No LoadTimeWeaver setup: ignoring JPA class transformer
2025-09-16 19:59:14 - com.zaxxer.hikari.HikariDataSource - HikariPool-1 - Starting...
2025-09-16 19:59:14 - com.zaxxer.hikari.pool.HikariPool - HikariPool-1 - Added connection org.postgresql.jdbc.PgConnection@13d011c7
2025-09-16 19:59:14 - com.zaxxer.hikari.HikariDataSource - HikariPool-1 - Start completed.
2025-09-16 19:59:14 - o.hibernate.orm.connections.pooling - HHH10001005: Database info:
	Database JDBC URL [Connecting through datasource 'HikariDataSource (HikariPool-1)']
	Database driver: undefined/unknown
	Database version: 17.4
	Autocommit mode: undefined/unknown
	Isolation level: undefined/unknown
	Minimum pool size: undefined/unknown
	Maximum pool size: undefined/unknown
2025-09-16 19:59:14 - o.h.e.t.j.p.i.JtaPlatformInitiator - HHH000489: No JTA platform available (set 'hibernate.transaction.jta.platform' to enable JTA platform integration)
2025-09-16 19:59:14 - o.s.o.j.LocalContainerEntityManagerFactoryBean - Initialized JPA EntityManagerFactory for persistence unit 'default'
2025-09-16 19:59:14 - c.e.C.auth.Authfilter.Jwtfilter - Filter 'jwtfilter' configured for use
2025-09-16 19:59:14 - o.s.s.c.a.a.c.InitializeAuthenticationProviderBeanManagerConfigurer$InitializeAuthenticationProviderManagerConfigurer - Global AuthenticationManager configured with AuthenticationProvider bean with name authenticationProvider
2025-09-16 19:59:14 - o.s.s.c.a.a.c.InitializeUserDetailsBeanManagerConfigurer$InitializeUserDetailsManagerConfigurer - Global AuthenticationManager configured with an AuthenticationProvider bean. UserDetailsService beans will not be used by Spring Security for automatically configuring username/password login. Consider removing the AuthenticationProvider bean. Alternatively, consider using the UserDetailsService in a manually instantiated DaoAuthenticationProvider. If the current configuration is intentional, to turn off this warning, increase the logging level of 'org.springframework.security.config.annotation.authentication.configuration.InitializeUserDetailsBeanManagerConfigurer' to ERROR
2025-09-16 19:59:14 - o.s.b.a.o.j.JpaBaseConfiguration$JpaWebConfiguration - spring.jpa.open-in-view is enabled by default. Therefore, database queries may be performed during view rendering. Explicitly configure spring.jpa.open-in-view to disable this warning
2025-09-16 19:59:15 - o.s.v.b.OptionalValidatorFactoryBean - Failed to set up a Bean Validation provider: jakarta.validation.NoProviderFoundException: Unable to create a Configuration, because no Jakarta Bean Validation provider could be found. Add a provider like Hibernate Validator (RI) to your classpath.
2025-09-16 19:59:15 - o.s.b.d.a.OptionalLiveReloadServer - LiveReload server is running on port 35729
2025-09-16 19:59:15 - o.s.b.w.e.tomcat.TomcatWebServer - Tomcat started on port 8099 (http) with context path '/'
2025-09-16 19:59:15 - c.e.C.CustomermanagementApplication - Started CustomermanagementApplication in 2.157 seconds (process running for 2.336)
2025-09-16 19:59:27 - o.a.c.c.C.[Tomcat].[localhost].[/] - Initializing Spring DispatcherServlet 'dispatcherServlet'
2025-09-16 19:59:27 - o.s.web.servlet.DispatcherServlet - Initializing Servlet 'dispatcherServlet'
2025-09-16 19:59:27 - o.s.web.servlet.DispatcherServlet - Completed initialization in 1 ms
2025-09-16 19:59:27 - c.e.C.auth.Controller.Authcontroller - ********* Login Controller called ****** in 127.0.0.1
2025-09-16 19:59:27 - c.e.C.a.Serviceimpl.Authserviceimpl - *********** Login API Called ******************
2025-09-16 20:16:10 - o.s.b.w.e.tomcat.GracefulShutdown - Commencing graceful shutdown. Waiting for active requests to complete
2025-09-16 20:16:10 - o.s.b.w.e.tomcat.GracefulShutdown - Graceful shutdown complete
2025-09-16 20:16:10 - o.s.o.j.LocalContainerEntityManagerFactoryBean - Closing JPA EntityManagerFactory for persistence unit 'default'
2025-09-16 20:16:10 - com.zaxxer.hikari.HikariDataSource - HikariPool-1 - Shutdown initiated...
2025-09-16 20:16:10 - com.zaxxer.hikari.HikariDataSource - HikariPool-1 - Shutdown completed.
2025-09-16 20:22:41 - c.e.C.CustomermanagementApplication - Starting CustomermanagementApplication using Java 17.0.16 with PID 10382 (/home/santhoshkumar/Desktop/interview perparations/Spring boot/Security/Customermanagement/target/classes started by santhoshkumar in /home/santhoshkumar/Desktop/interview perparations/Spring boot/Security/Customermanagement)
2025-09-16 20:22:41 - c.e.C.CustomermanagementApplication - Running with Spring Boot v3.5.5, Spring v6.2.10
2025-09-16 20:22:41 - c.e.C.CustomermanagementApplication - The following 1 profile is active: "dev"
2025-09-16 20:22:41 - o.s.b.d.e.DevToolsPropertyDefaultsPostProcessor - Devtools property defaults active! Set 'spring.devtools.add-properties' to 'false' to disable
2025-09-16 20:22:41 - o.s.b.d.e.DevToolsPropertyDefaultsPostProcessor - For additional web related logging consider setting the 'logging.level.web' property to 'DEBUG'
2025-09-16 20:22:42 - o.s.d.r.c.RepositoryConfigurationDelegate - Bootstrapping Spring Data JPA repositories in DEFAULT mode.
2025-09-16 20:22:42 - o.s.d.r.c.RepositoryConfigurationDelegate - Finished Spring Data repository scanning in 30 ms. Found 1 JPA repository interface.
2025-09-16 20:22:42 - o.s.b.w.e.tomcat.TomcatWebServer - Tomcat initialized with port 8099 (http)
2025-09-16 20:22:42 - o.a.catalina.core.StandardService - Starting service [Tomcat]
2025-09-16 20:22:42 - o.a.catalina.core.StandardEngine - Starting Servlet engine: [Apache Tomcat/10.1.44]
2025-09-16 20:22:42 - o.a.c.c.C.[Tomcat].[localhost].[/] - Initializing Spring embedded WebApplicationContext
2025-09-16 20:22:42 - o.s.b.w.s.c.ServletWebServerApplicationContext - Root WebApplicationContext: initialization completed in 688 ms
2025-09-16 20:22:42 - o.h.jpa.internal.util.LogHelper - HHH000204: Processing PersistenceUnitInfo [name: default]
2025-09-16 20:22:42 - org.hibernate.Version - HHH000412: Hibernate ORM core version 6.6.26.Final
2025-09-16 20:22:42 - o.h.c.i.RegionFactoryInitiator - HHH000026: Second-level cache disabled
2025-09-16 20:22:42 - o.s.o.j.p.SpringPersistenceUnitInfo - No LoadTimeWeaver setup: ignoring JPA class transformer
2025-09-16 20:22:42 - com.zaxxer.hikari.HikariDataSource - HikariPool-1 - Starting...
2025-09-16 20:22:42 - com.zaxxer.hikari.pool.HikariPool - HikariPool-1 - Added connection org.postgresql.jdbc.PgConnection@70ebb165
2025-09-16 20:22:42 - com.zaxxer.hikari.HikariDataSource - HikariPool-1 - Start completed.
2025-09-16 20:22:42 - o.hibernate.orm.connections.pooling - HHH10001005: Database info:
	Database JDBC URL [Connecting through datasource 'HikariDataSource (HikariPool-1)']
	Database driver: undefined/unknown
	Database version: 17.4
	Autocommit mode: undefined/unknown
	Isolation level: undefined/unknown
	Minimum pool size: undefined/unknown
	Maximum pool size: undefined/unknown
2025-09-16 20:22:43 - o.h.e.t.j.p.i.JtaPlatformInitiator - HHH000489: No JTA platform available (set 'hibernate.transaction.jta.platform' to enable JTA platform integration)
2025-09-16 20:22:43 - o.s.o.j.LocalContainerEntityManagerFactoryBean - Initialized JPA EntityManagerFactory for persistence unit 'default'
2025-09-16 20:22:43 - c.e.C.auth.Authfilter.Jwtfilter - Filter 'jwtfilter' configured for use
2025-09-16 20:22:43 - o.s.s.c.a.a.c.InitializeAuthenticationProviderBeanManagerConfigurer$InitializeAuthenticationProviderManagerConfigurer - Global AuthenticationManager configured with AuthenticationProvider bean with name authenticationProvider
2025-09-16 20:22:43 - o.s.s.c.a.a.c.InitializeUserDetailsBeanManagerConfigurer$InitializeUserDetailsManagerConfigurer - Global AuthenticationManager configured with an AuthenticationProvider bean. UserDetailsService beans will not be used by Spring Security for automatically configuring username/password login. Consider removing the AuthenticationProvider bean. Alternatively, consider using the UserDetailsService in a manually instantiated DaoAuthenticationProvider. If the current configuration is intentional, to turn off this warning, increase the logging level of 'org.springframework.security.config.annotation.authentication.configuration.InitializeUserDetailsBeanManagerConfigurer' to ERROR
2025-09-16 20:22:43 - o.s.b.a.o.j.JpaBaseConfiguration$JpaWebConfiguration - spring.jpa.open-in-view is enabled by default. Therefore, database queries may be performed during view rendering. Explicitly configure spring.jpa.open-in-view to disable this warning
2025-09-16 20:22:43 - o.s.v.b.OptionalValidatorFactoryBean - Failed to set up a Bean Validation provider: jakarta.validation.NoProviderFoundException: Unable to create a Configuration, because no Jakarta Bean Validation provider could be found. Add a provider like Hibernate Validator (RI) to your classpath.
2025-09-16 20:22:43 - o.s.b.d.a.OptionalLiveReloadServer - LiveReload server is running on port 35729
2025-09-16 20:22:43 - o.s.b.w.e.tomcat.TomcatWebServer - Tomcat started on port 8099 (http) with context path '/'
2025-09-16 20:22:43 - c.e.C.CustomermanagementApplication - Started CustomermanagementApplication in 2.182 seconds (process running for 2.361)
2025-09-16 20:23:11 - o.a.c.c.C.[Tomcat].[localhost].[/] - Initializing Spring DispatcherServlet 'dispatcherServlet'
2025-09-16 20:23:11 - o.s.web.servlet.DispatcherServlet - Initializing Servlet 'dispatcherServlet'
2025-09-16 20:23:11 - o.s.web.servlet.DispatcherServlet - Completed initialization in 1 ms
2025-09-16 20:23:12 - c.e.C.auth.Controller.Authcontroller - ********* Login Controller called ****** in 127.0.0.1
2025-09-16 20:23:12 - c.e.C.a.Serviceimpl.Authserviceimpl - *********** Login API Called ******************
2025-09-16 20:23:22 - o.s.b.w.e.tomcat.GracefulShutdown - Commencing graceful shutdown. Waiting for active requests to complete
2025-09-16 20:23:22 - o.s.b.w.e.tomcat.GracefulShutdown - Graceful shutdown complete
2025-09-16 20:23:22 - o.s.o.j.LocalContainerEntityManagerFactoryBean - Closing JPA EntityManagerFactory for persistence unit 'default'
2025-09-16 20:23:22 - com.zaxxer.hikari.HikariDataSource - HikariPool-1 - Shutdown initiated...
2025-09-16 20:23:22 - com.zaxxer.hikari.HikariDataSource - HikariPool-1 - Shutdown completed.
2025-09-16 20:23:28 - c.e.C.CustomermanagementApplication - Starting CustomermanagementApplication using Java 17.0.16 with PID 10596 (/home/santhoshkumar/Desktop/interview perparations/Spring boot/Security/Customermanagement/target/classes started by santhoshkumar in /home/santhoshkumar/Desktop/interview perparations/Spring boot/Security/Customermanagement)
2025-09-16 20:23:28 - c.e.C.CustomermanagementApplication - Running with Spring Boot v3.5.5, Spring v6.2.10
2025-09-16 20:23:28 - c.e.C.CustomermanagementApplication - The following 1 profile is active: "dev"
2025-09-16 20:23:28 - o.s.b.d.e.DevToolsPropertyDefaultsPostProcessor - Devtools property defaults active! Set 'spring.devtools.add-properties' to 'false' to disable
2025-09-16 20:23:28 - o.s.b.d.e.DevToolsPropertyDefaultsPostProcessor - For additional web related logging consider setting the 'logging.level.web' property to 'DEBUG'
2025-09-16 20:23:28 - o.s.d.r.c.RepositoryConfigurationDelegate - Bootstrapping Spring Data JPA repositories in DEFAULT mode.
2025-09-16 20:23:28 - o.s.d.r.c.RepositoryConfigurationDelegate - Finished Spring Data repository scanning in 29 ms. Found 1 JPA repository interface.
2025-09-16 20:23:29 - o.s.b.w.e.tomcat.TomcatWebServer - Tomcat initialized with port 8099 (http)
2025-09-16 20:23:29 - o.a.catalina.core.StandardService - Starting service [Tomcat]
2025-09-16 20:23:29 - o.a.catalina.core.StandardEngine - Starting Servlet engine: [Apache Tomcat/10.1.44]
2025-09-16 20:23:29 - o.a.c.c.C.[Tomcat].[localhost].[/] - Initializing Spring embedded WebApplicationContext
2025-09-16 20:23:29 - o.s.b.w.s.c.ServletWebServerApplicationContext - Root WebApplicationContext: initialization completed in 730 ms
2025-09-16 20:23:29 - o.h.jpa.internal.util.LogHelper - HHH000204: Processing PersistenceUnitInfo [name: default]
2025-09-16 20:23:29 - org.hibernate.Version - HHH000412: Hibernate ORM core version 6.6.26.Final
2025-09-16 20:23:29 - o.h.c.i.RegionFactoryInitiator - HHH000026: Second-level cache disabled
2025-09-16 20:23:29 - o.s.o.j.p.SpringPersistenceUnitInfo - No LoadTimeWeaver setup: ignoring JPA class transformer
2025-09-16 20:23:29 - com.zaxxer.hikari.HikariDataSource - HikariPool-1 - Starting...
2025-09-16 20:23:29 - com.zaxxer.hikari.pool.HikariPool - HikariPool-1 - Added connection org.postgresql.jdbc.PgConnection@5c908ebd
2025-09-16 20:23:29 - com.zaxxer.hikari.HikariDataSource - HikariPool-1 - Start completed.
2025-09-16 20:23:29 - o.hibernate.orm.connections.pooling - HHH10001005: Database info:
	Database JDBC URL [Connecting through datasource 'HikariDataSource (HikariPool-1)']
	Database driver: undefined/unknown
	Database version: 17.4
	Autocommit mode: undefined/unknown
	Isolation level: undefined/unknown
	Minimum pool size: undefined/unknown
	Maximum pool size: undefined/unknown
2025-09-16 20:23:29 - o.h.e.t.j.p.i.JtaPlatformInitiator - HHH000489: No JTA platform available (set 'hibernate.transaction.jta.platform' to enable JTA platform integration)
2025-09-16 20:23:29 - o.s.o.j.LocalContainerEntityManagerFactoryBean - Initialized JPA EntityManagerFactory for persistence unit 'default'
2025-09-16 20:23:29 - c.e.C.auth.Authfilter.Jwtfilter - Filter 'jwtfilter' configured for use
2025-09-16 20:23:29 - o.s.s.c.a.a.c.InitializeAuthenticationProviderBeanManagerConfigurer$InitializeAuthenticationProviderManagerConfigurer - Global AuthenticationManager configured with AuthenticationProvider bean with name authenticationProvider
2025-09-16 20:23:29 - o.s.s.c.a.a.c.InitializeUserDetailsBeanManagerConfigurer$InitializeUserDetailsManagerConfigurer - Global AuthenticationManager configured with an AuthenticationProvider bean. UserDetailsService beans will not be used by Spring Security for automatically configuring username/password login. Consider removing the AuthenticationProvider bean. Alternatively, consider using the UserDetailsService in a manually instantiated DaoAuthenticationProvider. If the current configuration is intentional, to turn off this warning, increase the logging level of 'org.springframework.security.config.annotation.authentication.configuration.InitializeUserDetailsBeanManagerConfigurer' to ERROR
2025-09-16 20:23:30 - o.s.b.a.o.j.JpaBaseConfiguration$JpaWebConfiguration - spring.jpa.open-in-view is enabled by default. Therefore, database queries may be performed during view rendering. Explicitly configure spring.jpa.open-in-view to disable this warning
2025-09-16 20:23:30 - o.s.v.b.OptionalValidatorFactoryBean - Failed to set up a Bean Validation provider: jakarta.validation.NoProviderFoundException: Unable to create a Configuration, because no Jakarta Bean Validation provider could be found. Add a provider like Hibernate Validator (RI) to your classpath.
2025-09-16 20:23:30 - o.s.b.d.a.OptionalLiveReloadServer - LiveReload server is running on port 35729
2025-09-16 20:23:30 - o.s.b.w.e.tomcat.TomcatWebServer - Tomcat started on port 8099 (http) with context path '/'
2025-09-16 20:23:30 - c.e.C.CustomermanagementApplication - Started CustomermanagementApplication in 2.26 seconds (process running for 2.448)
2025-09-16 20:23:35 - o.a.c.c.C.[Tomcat].[localhost].[/] - Initializing Spring DispatcherServlet 'dispatcherServlet'
2025-09-16 20:23:35 - o.s.web.servlet.DispatcherServlet - Initializing Servlet 'dispatcherServlet'
2025-09-16 20:23:35 - o.s.web.servlet.DispatcherServlet - Completed initialization in 1 ms
2025-09-16 20:23:35 - c.e.C.auth.Controller.Authcontroller - ********* Login Controller called ****** in 127.0.0.1
2025-09-16 20:23:35 - c.e.C.a.Serviceimpl.Authserviceimpl - *********** Login API Called ******************
2025-09-16 20:24:08 - c.e.C.auth.Controller.Authcontroller - ********* Login Controller called ****** in 127.0.0.1
2025-09-16 20:24:08 - c.e.C.a.Serviceimpl.Authserviceimpl - *********** Login API Called ******************
2025-09-16 20:25:06 - o.s.b.w.e.tomcat.GracefulShutdown - Commencing graceful shutdown. Waiting for active requests to complete
2025-09-16 20:25:06 - o.s.b.w.e.tomcat.GracefulShutdown - Graceful shutdown complete
2025-09-16 20:25:06 - o.s.o.j.LocalContainerEntityManagerFactoryBean - Closing JPA EntityManagerFactory for persistence unit 'default'
2025-09-16 20:25:06 - com.zaxxer.hikari.HikariDataSource - HikariPool-1 - Shutdown initiated...
2025-09-16 20:25:06 - com.zaxxer.hikari.HikariDataSource - HikariPool-1 - Shutdown completed.
2025-09-16 20:25:11 - c.e.C.CustomermanagementApplication - Starting CustomermanagementApplication using Java 17.0.16 with PID 10874 (/home/santhoshkumar/Desktop/interview perparations/Spring boot/Security/Customermanagement/target/classes started by santhoshkumar in /home/santhoshkumar/Desktop/interview perparations/Spring boot/Security/Customermanagement)
2025-09-16 20:25:11 - c.e.C.CustomermanagementApplication - Running with Spring Boot v3.5.5, Spring v6.2.10
2025-09-16 20:25:11 - c.e.C.CustomermanagementApplication - The following 1 profile is active: "dev"
2025-09-16 20:25:11 - o.s.b.d.e.DevToolsPropertyDefaultsPostProcessor - Devtools property defaults active! Set 'spring.devtools.add-properties' to 'false' to disable
2025-09-16 20:25:11 - o.s.b.d.e.DevToolsPropertyDefaultsPostProcessor - For additional web related logging consider setting the 'logging.level.web' property to 'DEBUG'
2025-09-16 20:25:12 - o.s.d.r.c.RepositoryConfigurationDelegate - Bootstrapping Spring Data JPA repositories in DEFAULT mode.
2025-09-16 20:25:12 - o.s.d.r.c.RepositoryConfigurationDelegate - Finished Spring Data repository scanning in 30 ms. Found 1 JPA repository interface.
2025-09-16 20:25:12 - o.s.b.w.e.tomcat.TomcatWebServer - Tomcat initialized with port 8099 (http)
2025-09-16 20:25:12 - o.a.catalina.core.StandardService - Starting service [Tomcat]
2025-09-16 20:25:12 - o.a.catalina.core.StandardEngine - Starting Servlet engine: [Apache Tomcat/10.1.44]
2025-09-16 20:25:12 - o.a.c.c.C.[Tomcat].[localhost].[/] - Initializing Spring embedded WebApplicationContext
2025-09-16 20:25:12 - o.s.b.w.s.c.ServletWebServerApplicationContext - Root WebApplicationContext: initialization completed in 713 ms
2025-09-16 20:25:12 - o.h.jpa.internal.util.LogHelper - HHH000204: Processing PersistenceUnitInfo [name: default]
2025-09-16 20:25:12 - org.hibernate.Version - HHH000412: Hibernate ORM core version 6.6.26.Final
2025-09-16 20:25:12 - o.h.c.i.RegionFactoryInitiator - HHH000026: Second-level cache disabled
2025-09-16 20:25:12 - o.s.o.j.p.SpringPersistenceUnitInfo - No LoadTimeWeaver setup: ignoring JPA class transformer
2025-09-16 20:25:12 - com.zaxxer.hikari.HikariDataSource - HikariPool-1 - Starting...
2025-09-16 20:25:12 - com.zaxxer.hikari.pool.HikariPool - HikariPool-1 - Added connection org.postgresql.jdbc.PgConnection@3cb12ccc
2025-09-16 20:25:12 - com.zaxxer.hikari.HikariDataSource - HikariPool-1 - Start completed.
2025-09-16 20:25:13 - o.hibernate.orm.connections.pooling - HHH10001005: Database info:
	Database JDBC URL [Connecting through datasource 'HikariDataSource (HikariPool-1)']
	Database driver: undefined/unknown
	Database version: 17.4
	Autocommit mode: undefined/unknown
	Isolation level: undefined/unknown
	Minimum pool size: undefined/unknown
	Maximum pool size: undefined/unknown
2025-09-16 20:25:13 - o.h.e.t.j.p.i.JtaPlatformInitiator - HHH000489: No JTA platform available (set 'hibernate.transaction.jta.platform' to enable JTA platform integration)
2025-09-16 20:25:13 - o.s.o.j.LocalContainerEntityManagerFactoryBean - Initialized JPA EntityManagerFactory for persistence unit 'default'
2025-09-16 20:25:13 - c.e.C.auth.Authfilter.Jwtfilter - Filter 'jwtfilter' configured for use
2025-09-16 20:25:13 - o.s.s.c.a.a.c.InitializeAuthenticationProviderBeanManagerConfigurer$InitializeAuthenticationProviderManagerConfigurer - Global AuthenticationManager configured with AuthenticationProvider bean with name authenticationProvider
2025-09-16 20:25:13 - o.s.s.c.a.a.c.InitializeUserDetailsBeanManagerConfigurer$InitializeUserDetailsManagerConfigurer - Global AuthenticationManager configured with an AuthenticationProvider bean. UserDetailsService beans will not be used by Spring Security for automatically configuring username/password login. Consider removing the AuthenticationProvider bean. Alternatively, consider using the UserDetailsService in a manually instantiated DaoAuthenticationProvider. If the current configuration is intentional, to turn off this warning, increase the logging level of 'org.springframework.security.config.annotation.authentication.configuration.InitializeUserDetailsBeanManagerConfigurer' to ERROR
2025-09-16 20:25:13 - o.s.b.a.o.j.JpaBaseConfiguration$JpaWebConfiguration - spring.jpa.open-in-view is enabled by default. Therefore, database queries may be performed during view rendering. Explicitly configure spring.jpa.open-in-view to disable this warning
2025-09-16 20:25:13 - o.s.v.b.OptionalValidatorFactoryBean - Failed to set up a Bean Validation provider: jakarta.validation.NoProviderFoundException: Unable to create a Configuration, because no Jakarta Bean Validation provider could be found. Add a provider like Hibernate Validator (RI) to your classpath.
2025-09-16 20:25:13 - o.s.b.d.a.OptionalLiveReloadServer - LiveReload server is running on port 35729
2025-09-16 20:25:13 - o.s.b.w.e.tomcat.TomcatWebServer - Tomcat started on port 8099 (http) with context path '/'
2025-09-16 20:25:13 - c.e.C.CustomermanagementApplication - Started CustomermanagementApplication in 2.226 seconds (process running for 2.404)
2025-09-16 20:25:22 - o.a.c.c.C.[Tomcat].[localhost].[/] - Initializing Spring DispatcherServlet 'dispatcherServlet'
2025-09-16 20:25:22 - o.s.web.servlet.DispatcherServlet - Initializing Servlet 'dispatcherServlet'
2025-09-16 20:25:22 - o.s.web.servlet.DispatcherServlet - Completed initialization in 0 ms
2025-09-16 20:25:38 - o.s.b.w.e.tomcat.GracefulShutdown - Commencing graceful shutdown. Waiting for active requests to complete
2025-09-16 20:25:38 - o.s.b.w.e.tomcat.GracefulShutdown - Graceful shutdown complete
2025-09-16 20:25:38 - o.s.o.j.LocalContainerEntityManagerFactoryBean - Closing JPA EntityManagerFactory for persistence unit 'default'
2025-09-16 20:25:38 - com.zaxxer.hikari.HikariDataSource - HikariPool-1 - Shutdown initiated...
2025-09-16 20:25:38 - com.zaxxer.hikari.HikariDataSource - HikariPool-1 - Shutdown completed.
2025-09-16 20:25:43 - c.e.C.CustomermanagementApplication - Starting CustomermanagementApplication using Java 17.0.16 with PID 11062 (/home/santhoshkumar/Desktop/interview perparations/Spring boot/Security/Customermanagement/target/classes started by santhoshkumar in /home/santhoshkumar/Desktop/interview perparations/Spring boot/Security/Customermanagement)
2025-09-16 20:25:43 - c.e.C.CustomermanagementApplication - Running with Spring Boot v3.5.5, Spring v6.2.10
2025-09-16 20:25:43 - c.e.C.CustomermanagementApplication - The following 1 profile is active: "dev"
2025-09-16 20:25:43 - o.s.b.d.e.DevToolsPropertyDefaultsPostProcessor - Devtools property defaults active! Set 'spring.devtools.add-properties' to 'false' to disable
2025-09-16 20:25:43 - o.s.b.d.e.DevToolsPropertyDefaultsPostProcessor - For additional web related logging consider setting the 'logging.level.web' property to 'DEBUG'
2025-09-16 20:25:43 - o.s.d.r.c.RepositoryConfigurationDelegate - Bootstrapping Spring Data JPA repositories in DEFAULT mode.
2025-09-16 20:25:43 - o.s.d.r.c.RepositoryConfigurationDelegate - Finished Spring Data repository scanning in 30 ms. Found 1 JPA repository interface.
2025-09-16 20:25:44 - o.s.b.w.e.tomcat.TomcatWebServer - Tomcat initialized with port 8099 (http)
2025-09-16 20:25:44 - o.a.catalina.core.StandardService - Starting service [Tomcat]
2025-09-16 20:25:44 - o.a.catalina.core.StandardEngine - Starting Servlet engine: [Apache Tomcat/10.1.44]
2025-09-16 20:25:44 - o.a.c.c.C.[Tomcat].[localhost].[/] - Initializing Spring embedded WebApplicationContext
2025-09-16 20:25:44 - o.s.b.w.s.c.ServletWebServerApplicationContext - Root WebApplicationContext: initialization completed in 712 ms
2025-09-16 20:25:44 - o.h.jpa.internal.util.LogHelper - HHH000204: Processing PersistenceUnitInfo [name: default]
2025-09-16 20:25:44 - org.hibernate.Version - HHH000412: Hibernate ORM core version 6.6.26.Final
2025-09-16 20:25:44 - o.h.c.i.RegionFactoryInitiator - HHH000026: Second-level cache disabled
2025-09-16 20:25:44 - o.s.o.j.p.SpringPersistenceUnitInfo - No LoadTimeWeaver setup: ignoring JPA class transformer
2025-09-16 20:25:44 - com.zaxxer.hikari.HikariDataSource - HikariPool-1 - Starting...
2025-09-16 20:25:44 - com.zaxxer.hikari.pool.HikariPool - HikariPool-1 - Added connection org.postgresql.jdbc.PgConnection@70ebb165
2025-09-16 20:25:44 - com.zaxxer.hikari.HikariDataSource - HikariPool-1 - Start completed.
2025-09-16 20:25:44 - o.hibernate.orm.connections.pooling - HHH10001005: Database info:
	Database JDBC URL [Connecting through datasource 'HikariDataSource (HikariPool-1)']
	Database driver: undefined/unknown
	Database version: 17.4
	Autocommit mode: undefined/unknown
	Isolation level: undefined/unknown
	Minimum pool size: undefined/unknown
	Maximum pool size: undefined/unknown
2025-09-16 20:25:44 - o.h.e.t.j.p.i.JtaPlatformInitiator - HHH000489: No JTA platform available (set 'hibernate.transaction.jta.platform' to enable JTA platform integration)
2025-09-16 20:25:44 - o.s.o.j.LocalContainerEntityManagerFactoryBean - Initialized JPA EntityManagerFactory for persistence unit 'default'
2025-09-16 20:25:44 - c.e.C.auth.Authfilter.Jwtfilter - Filter 'jwtfilter' configured for use
2025-09-16 20:25:44 - o.s.s.c.a.a.c.InitializeAuthenticationProviderBeanManagerConfigurer$InitializeAuthenticationProviderManagerConfigurer - Global AuthenticationManager configured with AuthenticationProvider bean with name authenticationProvider
2025-09-16 20:25:44 - o.s.s.c.a.a.c.InitializeUserDetailsBeanManagerConfigurer$InitializeUserDetailsManagerConfigurer - Global AuthenticationManager configured with an AuthenticationProvider bean. UserDetailsService beans will not be used by Spring Security for automatically configuring username/password login. Consider removing the AuthenticationProvider bean. Alternatively, consider using the UserDetailsService in a manually instantiated DaoAuthenticationProvider. If the current configuration is intentional, to turn off this warning, increase the logging level of 'org.springframework.security.config.annotation.authentication.configuration.InitializeUserDetailsBeanManagerConfigurer' to ERROR
2025-09-16 20:25:45 - o.s.b.a.o.j.JpaBaseConfiguration$JpaWebConfiguration - spring.jpa.open-in-view is enabled by default. Therefore, database queries may be performed during view rendering. Explicitly configure spring.jpa.open-in-view to disable this warning
2025-09-16 20:25:45 - o.s.v.b.OptionalValidatorFactoryBean - Failed to set up a Bean Validation provider: jakarta.validation.NoProviderFoundException: Unable to create a Configuration, because no Jakarta Bean Validation provider could be found. Add a provider like Hibernate Validator (RI) to your classpath.
2025-09-16 20:25:45 - o.s.b.d.a.OptionalLiveReloadServer - LiveReload server is running on port 35729
2025-09-16 20:25:45 - o.s.b.w.e.tomcat.TomcatWebServer - Tomcat started on port 8099 (http) with context path '/'
2025-09-16 20:25:45 - c.e.C.CustomermanagementApplication - Started CustomermanagementApplication in 2.245 seconds (process running for 2.419)
2025-09-16 20:25:49 - o.a.c.c.C.[Tomcat].[localhost].[/] - Initializing Spring DispatcherServlet 'dispatcherServlet'
2025-09-16 20:25:49 - o.s.web.servlet.DispatcherServlet - Initializing Servlet 'dispatcherServlet'
2025-09-16 20:25:49 - o.s.web.servlet.DispatcherServlet - Completed initialization in 1 ms
2025-09-16 20:26:44 - o.s.b.w.e.tomcat.GracefulShutdown - Commencing graceful shutdown. Waiting for active requests to complete
2025-09-16 20:26:44 - o.s.b.w.e.tomcat.GracefulShutdown - Graceful shutdown complete
2025-09-16 20:26:44 - o.s.o.j.LocalContainerEntityManagerFactoryBean - Closing JPA EntityManagerFactory for persistence unit 'default'
2025-09-16 20:26:44 - com.zaxxer.hikari.HikariDataSource - HikariPool-1 - Shutdown initiated...
2025-09-16 20:26:44 - com.zaxxer.hikari.HikariDataSource - HikariPool-1 - Shutdown completed.
2025-09-16 20:26:49 - c.e.C.CustomermanagementApplication - Starting CustomermanagementApplication using Java 17.0.16 with PID 11332 (/home/santhoshkumar/Desktop/interview perparations/Spring boot/Security/Customermanagement/target/classes started by santhoshkumar in /home/santhoshkumar/Desktop/interview perparations/Spring boot/Security/Customermanagement)
2025-09-16 20:26:49 - c.e.C.CustomermanagementApplication - Running with Spring Boot v3.5.5, Spring v6.2.10
2025-09-16 20:26:49 - c.e.C.CustomermanagementApplication - The following 1 profile is active: "dev"
2025-09-16 20:26:49 - o.s.b.d.e.DevToolsPropertyDefaultsPostProcessor - Devtools property defaults active! Set 'spring.devtools.add-properties' to 'false' to disable
2025-09-16 20:26:49 - o.s.b.d.e.DevToolsPropertyDefaultsPostProcessor - For additional web related logging consider setting the 'logging.level.web' property to 'DEBUG'
2025-09-16 20:26:49 - o.s.d.r.c.RepositoryConfigurationDelegate - Bootstrapping Spring Data JPA repositories in DEFAULT mode.
2025-09-16 20:26:49 - o.s.d.r.c.RepositoryConfigurationDelegate - Finished Spring Data repository scanning in 32 ms. Found 1 JPA repository interface.
2025-09-16 20:26:49 - o.s.b.w.e.tomcat.TomcatWebServer - Tomcat initialized with port 8099 (http)
2025-09-16 20:26:49 - o.a.catalina.core.StandardService - Starting service [Tomcat]
2025-09-16 20:26:49 - o.a.catalina.core.StandardEngine - Starting Servlet engine: [Apache Tomcat/10.1.44]
2025-09-16 20:26:49 - o.a.c.c.C.[Tomcat].[localhost].[/] - Initializing Spring embedded WebApplicationContext
2025-09-16 20:26:49 - o.s.b.w.s.c.ServletWebServerApplicationContext - Root WebApplicationContext: initialization completed in 711 ms
2025-09-16 20:26:50 - o.h.jpa.internal.util.LogHelper - HHH000204: Processing PersistenceUnitInfo [name: default]
2025-09-16 20:26:50 - org.hibernate.Version - HHH000412: Hibernate ORM core version 6.6.26.Final
2025-09-16 20:26:50 - o.h.c.i.RegionFactoryInitiator - HHH000026: Second-level cache disabled
2025-09-16 20:26:50 - o.s.o.j.p.SpringPersistenceUnitInfo - No LoadTimeWeaver setup: ignoring JPA class transformer
2025-09-16 20:26:50 - com.zaxxer.hikari.HikariDataSource - HikariPool-1 - Starting...
2025-09-16 20:26:50 - com.zaxxer.hikari.pool.HikariPool - HikariPool-1 - Added connection org.postgresql.jdbc.PgConnection@3cb12ccc
2025-09-16 20:26:50 - com.zaxxer.hikari.HikariDataSource - HikariPool-1 - Start completed.
2025-09-16 20:26:50 - o.hibernate.orm.connections.pooling - HHH10001005: Database info:
	Database JDBC URL [Connecting through datasource 'HikariDataSource (HikariPool-1)']
	Database driver: undefined/unknown
	Database version: 17.4
	Autocommit mode: undefined/unknown
	Isolation level: undefined/unknown
	Minimum pool size: undefined/unknown
	Maximum pool size: undefined/unknown
2025-09-16 20:26:50 - o.h.e.t.j.p.i.JtaPlatformInitiator - HHH000489: No JTA platform available (set 'hibernate.transaction.jta.platform' to enable JTA platform integration)
2025-09-16 20:26:50 - o.s.o.j.LocalContainerEntityManagerFactoryBean - Initialized JPA EntityManagerFactory for persistence unit 'default'
2025-09-16 20:26:50 - c.e.C.auth.Authfilter.Jwtfilter - Filter 'jwtfilter' configured for use
2025-09-16 20:26:50 - o.s.s.c.a.a.c.InitializeAuthenticationProviderBeanManagerConfigurer$InitializeAuthenticationProviderManagerConfigurer - Global AuthenticationManager configured with AuthenticationProvider bean with name authenticationProvider
2025-09-16 20:26:50 - o.s.s.c.a.a.c.InitializeUserDetailsBeanManagerConfigurer$InitializeUserDetailsManagerConfigurer - Global AuthenticationManager configured with an AuthenticationProvider bean. UserDetailsService beans will not be used by Spring Security for automatically configuring username/password login. Consider removing the AuthenticationProvider bean. Alternatively, consider using the UserDetailsService in a manually instantiated DaoAuthenticationProvider. If the current configuration is intentional, to turn off this warning, increase the logging level of 'org.springframework.security.config.annotation.authentication.configuration.InitializeUserDetailsBeanManagerConfigurer' to ERROR
2025-09-16 20:26:50 - o.s.b.a.o.j.JpaBaseConfiguration$JpaWebConfiguration - spring.jpa.open-in-view is enabled by default. Therefore, database queries may be performed during view rendering. Explicitly configure spring.jpa.open-in-view to disable this warning
2025-09-16 20:26:51 - o.s.v.b.OptionalValidatorFactoryBean - Failed to set up a Bean Validation provider: jakarta.validation.NoProviderFoundException: Unable to create a Configuration, because no Jakarta Bean Validation provider could be found. Add a provider like Hibernate Validator (RI) to your classpath.
2025-09-16 20:26:51 - o.s.b.d.a.OptionalLiveReloadServer - LiveReload server is running on port 35729
2025-09-16 20:26:51 - o.s.b.w.e.tomcat.TomcatWebServer - Tomcat started on port 8099 (http) with context path '/'
2025-09-16 20:26:51 - c.e.C.CustomermanagementApplication - Started CustomermanagementApplication in 2.247 seconds (process running for 2.434)
2025-09-16 20:27:16 - o.s.b.w.e.tomcat.GracefulShutdown - Commencing graceful shutdown. Waiting for active requests to complete
2025-09-16 20:27:16 - o.s.b.w.e.tomcat.GracefulShutdown - Graceful shutdown complete
2025-09-16 20:27:16 - o.s.o.j.LocalContainerEntityManagerFactoryBean - Closing JPA EntityManagerFactory for persistence unit 'default'
2025-09-16 20:27:16 - com.zaxxer.hikari.HikariDataSource - HikariPool-1 - Shutdown initiated...
2025-09-16 20:27:16 - com.zaxxer.hikari.HikariDataSource - HikariPool-1 - Shutdown completed.
2025-09-16 20:27:19 - c.e.C.CustomermanagementApplication - Starting CustomermanagementApplication using Java 17.0.16 with PID 11506 (/home/santhoshkumar/Desktop/interview perparations/Spring boot/Security/Customermanagement/target/classes started by santhoshkumar in /home/santhoshkumar/Desktop/interview perparations/Spring boot/Security/Customermanagement)
2025-09-16 20:27:19 - c.e.C.CustomermanagementApplication - Running with Spring Boot v3.5.5, Spring v6.2.10
2025-09-16 20:27:19 - c.e.C.CustomermanagementApplication - The following 1 profile is active: "dev"
2025-09-16 20:27:19 - o.s.b.d.e.DevToolsPropertyDefaultsPostProcessor - Devtools property defaults active! Set 'spring.devtools.add-properties' to 'false' to disable
2025-09-16 20:27:19 - o.s.b.d.e.DevToolsPropertyDefaultsPostProcessor - For additional web related logging consider setting the 'logging.level.web' property to 'DEBUG'
2025-09-16 20:27:20 - o.s.d.r.c.RepositoryConfigurationDelegate - Bootstrapping Spring Data JPA repositories in DEFAULT mode.
2025-09-16 20:27:20 - o.s.d.r.c.RepositoryConfigurationDelegate - Finished Spring Data repository scanning in 32 ms. Found 1 JPA repository interface.
2025-09-16 20:27:20 - o.s.b.w.e.tomcat.TomcatWebServer - Tomcat initialized with port 8099 (http)
2025-09-16 20:27:20 - o.a.catalina.core.StandardService - Starting service [Tomcat]
2025-09-16 20:27:20 - o.a.catalina.core.StandardEngine - Starting Servlet engine: [Apache Tomcat/10.1.44]
2025-09-16 20:27:20 - o.a.c.c.C.[Tomcat].[localhost].[/] - Initializing Spring embedded WebApplicationContext
2025-09-16 20:27:20 - o.s.b.w.s.c.ServletWebServerApplicationContext - Root WebApplicationContext: initialization completed in 736 ms
2025-09-16 20:27:20 - o.h.jpa.internal.util.LogHelper - HHH000204: Processing PersistenceUnitInfo [name: default]
2025-09-16 20:27:20 - org.hibernate.Version - HHH000412: Hibernate ORM core version 6.6.26.Final
2025-09-16 20:27:20 - o.h.c.i.RegionFactoryInitiator - HHH000026: Second-level cache disabled
2025-09-16 20:27:20 - o.s.o.j.p.SpringPersistenceUnitInfo - No LoadTimeWeaver setup: ignoring JPA class transformer
2025-09-16 20:27:20 - com.zaxxer.hikari.HikariDataSource - HikariPool-1 - Starting...
2025-09-16 20:27:20 - com.zaxxer.hikari.pool.HikariPool - HikariPool-1 - Added connection org.postgresql.jdbc.PgConnection@5b739012
2025-09-16 20:27:20 - com.zaxxer.hikari.HikariDataSource - HikariPool-1 - Start completed.
2025-09-16 20:27:20 - o.hibernate.orm.connections.pooling - HHH10001005: Database info:
	Database JDBC URL [Connecting through datasource 'HikariDataSource (HikariPool-1)']
	Database driver: undefined/unknown
	Database version: 17.4
	Autocommit mode: undefined/unknown
	Isolation level: undefined/unknown
	Minimum pool size: undefined/unknown
	Maximum pool size: undefined/unknown
2025-09-16 20:27:21 - o.h.e.t.j.p.i.JtaPlatformInitiator - HHH000489: No JTA platform available (set 'hibernate.transaction.jta.platform' to enable JTA platform integration)
2025-09-16 20:27:21 - o.s.o.j.LocalContainerEntityManagerFactoryBean - Initialized JPA EntityManagerFactory for persistence unit 'default'
2025-09-16 20:27:21 - c.e.C.auth.Authfilter.Jwtfilter - Filter 'jwtfilter' configured for use
2025-09-16 20:27:21 - o.s.s.c.a.a.c.InitializeAuthenticationProviderBeanManagerConfigurer$InitializeAuthenticationProviderManagerConfigurer - Global AuthenticationManager configured with AuthenticationProvider bean with name authenticationProvider
2025-09-16 20:27:21 - o.s.s.c.a.a.c.InitializeUserDetailsBeanManagerConfigurer$InitializeUserDetailsManagerConfigurer - Global AuthenticationManager configured with an AuthenticationProvider bean. UserDetailsService beans will not be used by Spring Security for automatically configuring username/password login. Consider removing the AuthenticationProvider bean. Alternatively, consider using the UserDetailsService in a manually instantiated DaoAuthenticationProvider. If the current configuration is intentional, to turn off this warning, increase the logging level of 'org.springframework.security.config.annotation.authentication.configuration.InitializeUserDetailsBeanManagerConfigurer' to ERROR
2025-09-16 20:27:21 - o.s.b.a.o.j.JpaBaseConfiguration$JpaWebConfiguration - spring.jpa.open-in-view is enabled by default. Therefore, database queries may be performed during view rendering. Explicitly configure spring.jpa.open-in-view to disable this warning
2025-09-16 20:27:21 - o.s.v.b.OptionalValidatorFactoryBean - Failed to set up a Bean Validation provider: jakarta.validation.NoProviderFoundException: Unable to create a Configuration, because no Jakarta Bean Validation provider could be found. Add a provider like Hibernate Validator (RI) to your classpath.
2025-09-16 20:27:21 - o.s.b.d.a.OptionalLiveReloadServer - LiveReload server is running on port 35729
2025-09-16 20:27:21 - o.s.b.w.e.tomcat.TomcatWebServer - Tomcat started on port 8099 (http) with context path '/'
2025-09-16 20:27:21 - c.e.C.CustomermanagementApplication - Started CustomermanagementApplication in 2.3 seconds (process running for 2.471)
2025-09-16 20:27:27 - o.a.c.c.C.[Tomcat].[localhost].[/] - Initializing Spring DispatcherServlet 'dispatcherServlet'
2025-09-16 20:27:27 - o.s.web.servlet.DispatcherServlet - Initializing Servlet 'dispatcherServlet'
2025-09-16 20:27:27 - o.s.web.servlet.DispatcherServlet - Completed initialization in 1 ms
2025-09-16 20:32:56 - o.s.b.w.e.tomcat.GracefulShutdown - Commencing graceful shutdown. Waiting for active requests to complete
2025-09-16 20:32:56 - o.s.b.w.e.tomcat.GracefulShutdown - Graceful shutdown complete
2025-09-16 20:32:56 - o.s.o.j.LocalContainerEntityManagerFactoryBean - Closing JPA EntityManagerFactory for persistence unit 'default'
2025-09-16 20:32:56 - com.zaxxer.hikari.HikariDataSource - HikariPool-1 - Shutdown initiated...
2025-09-16 20:32:56 - com.zaxxer.hikari.HikariDataSource - HikariPool-1 - Shutdown completed.
2025-09-16 20:33:00 - c.e.C.CustomermanagementApplication - Starting CustomermanagementApplication using Java 17.0.16 with PID 12072 (/home/santhoshkumar/Desktop/interview perparations/Spring boot/Security/Customermanagement/target/classes started by santhoshkumar in /home/santhoshkumar/Desktop/interview perparations/Spring boot/Security/Customermanagement)
2025-09-16 20:33:00 - c.e.C.CustomermanagementApplication - Running with Spring Boot v3.5.5, Spring v6.2.10
2025-09-16 20:33:00 - c.e.C.CustomermanagementApplication - The following 1 profile is active: "dev"
2025-09-16 20:33:00 - o.s.b.d.e.DevToolsPropertyDefaultsPostProcessor - Devtools property defaults active! Set 'spring.devtools.add-properties' to 'false' to disable
2025-09-16 20:33:00 - o.s.b.d.e.DevToolsPropertyDefaultsPostProcessor - For additional web related logging consider setting the 'logging.level.web' property to 'DEBUG'
2025-09-16 20:33:01 - o.s.d.r.c.RepositoryConfigurationDelegate - Bootstrapping Spring Data JPA repositories in DEFAULT mode.
2025-09-16 20:33:01 - o.s.d.r.c.RepositoryConfigurationDelegate - Finished Spring Data repository scanning in 27 ms. Found 1 JPA repository interface.
2025-09-16 20:33:01 - o.s.b.w.e.tomcat.TomcatWebServer - Tomcat initialized with port 8099 (http)
2025-09-16 20:33:01 - o.a.catalina.core.StandardService - Starting service [Tomcat]
2025-09-16 20:33:01 - o.a.catalina.core.StandardEngine - Starting Servlet engine: [Apache Tomcat/10.1.44]
2025-09-16 20:33:01 - o.a.c.c.C.[Tomcat].[localhost].[/] - Initializing Spring embedded WebApplicationContext
2025-09-16 20:33:01 - o.s.b.w.s.c.ServletWebServerApplicationContext - Root WebApplicationContext: initialization completed in 752 ms
2025-09-16 20:33:01 - o.h.jpa.internal.util.LogHelper - HHH000204: Processing PersistenceUnitInfo [name: default]
2025-09-16 20:33:01 - org.hibernate.Version - HHH000412: Hibernate ORM core version 6.6.26.Final
2025-09-16 20:33:01 - o.h.c.i.RegionFactoryInitiator - HHH000026: Second-level cache disabled
2025-09-16 20:33:01 - o.s.o.j.p.SpringPersistenceUnitInfo - No LoadTimeWeaver setup: ignoring JPA class transformer
2025-09-16 20:33:01 - com.zaxxer.hikari.HikariDataSource - HikariPool-1 - Starting...
2025-09-16 20:33:01 - com.zaxxer.hikari.pool.HikariPool - HikariPool-1 - Added connection org.postgresql.jdbc.PgConnection@27730e48
2025-09-16 20:33:01 - com.zaxxer.hikari.HikariDataSource - HikariPool-1 - Start completed.
2025-09-16 20:33:01 - o.hibernate.orm.connections.pooling - HHH10001005: Database info:
	Database JDBC URL [Connecting through datasource 'HikariDataSource (HikariPool-1)']
	Database driver: undefined/unknown
	Database version: 17.4
	Autocommit mode: undefined/unknown
	Isolation level: undefined/unknown
	Minimum pool size: undefined/unknown
	Maximum pool size: undefined/unknown
2025-09-16 20:33:02 - o.h.e.t.j.p.i.JtaPlatformInitiator - HHH000489: No JTA platform available (set 'hibernate.transaction.jta.platform' to enable JTA platform integration)
2025-09-16 20:33:02 - o.s.o.j.LocalContainerEntityManagerFactoryBean - Initialized JPA EntityManagerFactory for persistence unit 'default'
2025-09-16 20:33:02 - c.e.C.auth.Authfilter.Jwtfilter - Filter 'jwtfilter' configured for use
2025-09-16 20:33:02 - o.s.s.c.a.a.c.InitializeAuthenticationProviderBeanManagerConfigurer$InitializeAuthenticationProviderManagerConfigurer - Global AuthenticationManager configured with AuthenticationProvider bean with name authenticationProvider
2025-09-16 20:33:02 - o.s.s.c.a.a.c.InitializeUserDetailsBeanManagerConfigurer$InitializeUserDetailsManagerConfigurer - Global AuthenticationManager configured with an AuthenticationProvider bean. UserDetailsService beans will not be used by Spring Security for automatically configuring username/password login. Consider removing the AuthenticationProvider bean. Alternatively, consider using the UserDetailsService in a manually instantiated DaoAuthenticationProvider. If the current configuration is intentional, to turn off this warning, increase the logging level of 'org.springframework.security.config.annotation.authentication.configuration.InitializeUserDetailsBeanManagerConfigurer' to ERROR
2025-09-16 20:33:02 - o.s.b.a.o.j.JpaBaseConfiguration$JpaWebConfiguration - spring.jpa.open-in-view is enabled by default. Therefore, database queries may be performed during view rendering. Explicitly configure spring.jpa.open-in-view to disable this warning
2025-09-16 20:33:02 - o.s.v.b.OptionalValidatorFactoryBean - Failed to set up a Bean Validation provider: jakarta.validation.NoProviderFoundException: Unable to create a Configuration, because no Jakarta Bean Validation provider could be found. Add a provider like Hibernate Validator (RI) to your classpath.
2025-09-16 20:33:02 - o.s.b.d.a.OptionalLiveReloadServer - LiveReload server is running on port 35729
2025-09-16 20:33:02 - o.s.b.w.e.tomcat.TomcatWebServer - Tomcat started on port 8099 (http) with context path '/'
2025-09-16 20:33:02 - c.e.C.CustomermanagementApplication - Started CustomermanagementApplication in 2.438 seconds (process running for 2.624)
2025-09-16 20:33:14 - o.a.c.c.C.[Tomcat].[localhost].[/] - Initializing Spring DispatcherServlet 'dispatcherServlet'
2025-09-16 20:33:14 - o.s.web.servlet.DispatcherServlet - Initializing Servlet 'dispatcherServlet'
2025-09-16 20:33:14 - o.s.web.servlet.DispatcherServlet - Completed initialization in 1 ms
2025-09-16 20:33:38 - c.e.C.a.Serviceimpl.Authserviceimpl - *********** register service Called ******************
2025-09-16 20:35:59 - o.s.b.w.e.tomcat.GracefulShutdown - Commencing graceful shutdown. Waiting for active requests to complete
2025-09-16 20:35:59 - o.s.b.w.e.tomcat.GracefulShutdown - Graceful shutdown complete
2025-09-16 20:35:59 - o.s.o.j.LocalContainerEntityManagerFactoryBean - Closing JPA EntityManagerFactory for persistence unit 'default'
2025-09-16 20:35:59 - com.zaxxer.hikari.HikariDataSource - HikariPool-1 - Shutdown initiated...
2025-09-16 20:35:59 - com.zaxxer.hikari.HikariDataSource - HikariPool-1 - Shutdown completed.
2025-09-16 20:36:03 - c.e.C.CustomermanagementApplication - Starting CustomermanagementApplication using Java 17.0.16 with PID 12410 (/home/santhoshkumar/Desktop/interview perparations/Spring boot/Security/Customermanagement/target/classes started by santhoshkumar in /home/santhoshkumar/Desktop/interview perparations/Spring boot/Security/Customermanagement)
2025-09-16 20:36:03 - c.e.C.CustomermanagementApplication - Running with Spring Boot v3.5.5, Spring v6.2.10
2025-09-16 20:36:03 - c.e.C.CustomermanagementApplication - The following 1 profile is active: "dev"
2025-09-16 20:36:03 - o.s.b.d.e.DevToolsPropertyDefaultsPostProcessor - Devtools property defaults active! Set 'spring.devtools.add-properties' to 'false' to disable
2025-09-16 20:36:03 - o.s.b.d.e.DevToolsPropertyDefaultsPostProcessor - For additional web related logging consider setting the 'logging.level.web' property to 'DEBUG'
2025-09-16 20:36:04 - o.s.d.r.c.RepositoryConfigurationDelegate - Bootstrapping Spring Data JPA repositories in DEFAULT mode.
2025-09-16 20:36:04 - o.s.d.r.c.RepositoryConfigurationDelegate - Finished Spring Data repository scanning in 25 ms. Found 1 JPA repository interface.
2025-09-16 20:36:04 - o.s.b.w.e.tomcat.TomcatWebServer - Tomcat initialized with port 8099 (http)
2025-09-16 20:36:04 - o.a.catalina.core.StandardService - Starting service [Tomcat]
2025-09-16 20:36:04 - o.a.catalina.core.StandardEngine - Starting Servlet engine: [Apache Tomcat/10.1.44]
2025-09-16 20:36:04 - o.a.c.c.C.[Tomcat].[localhost].[/] - Initializing Spring embedded WebApplicationContext
2025-09-16 20:36:04 - o.s.b.w.s.c.ServletWebServerApplicationContext - Root WebApplicationContext: initialization completed in 798 ms
2025-09-16 20:36:04 - o.h.jpa.internal.util.LogHelper - HHH000204: Processing PersistenceUnitInfo [name: default]
2025-09-16 20:36:04 - org.hibernate.Version - HHH000412: Hibernate ORM core version 6.6.26.Final
2025-09-16 20:36:04 - o.h.c.i.RegionFactoryInitiator - HHH000026: Second-level cache disabled
2025-09-16 20:36:04 - o.s.o.j.p.SpringPersistenceUnitInfo - No LoadTimeWeaver setup: ignoring JPA class transformer
2025-09-16 20:36:04 - com.zaxxer.hikari.HikariDataSource - HikariPool-1 - Starting...
2025-09-16 20:36:04 - com.zaxxer.hikari.pool.HikariPool - HikariPool-1 - Added connection org.postgresql.jdbc.PgConnection@3988e838
2025-09-16 20:36:04 - com.zaxxer.hikari.HikariDataSource - HikariPool-1 - Start completed.
2025-09-16 20:36:04 - o.hibernate.orm.connections.pooling - HHH10001005: Database info:
	Database JDBC URL [Connecting through datasource 'HikariDataSource (HikariPool-1)']
	Database driver: undefined/unknown
	Database version: 17.4
	Autocommit mode: undefined/unknown
	Isolation level: undefined/unknown
	Minimum pool size: undefined/unknown
	Maximum pool size: undefined/unknown
2025-09-16 20:36:05 - o.h.e.t.j.p.i.JtaPlatformInitiator - HHH000489: No JTA platform available (set 'hibernate.transaction.jta.platform' to enable JTA platform integration)
2025-09-16 20:36:05 - o.s.o.j.LocalContainerEntityManagerFactoryBean - Initialized JPA EntityManagerFactory for persistence unit 'default'
2025-09-16 20:36:05 - c.e.C.auth.Authfilter.Jwtfilter - Filter 'jwtfilter' configured for use
2025-09-16 20:36:05 - o.s.s.c.a.a.c.InitializeAuthenticationProviderBeanManagerConfigurer$InitializeAuthenticationProviderManagerConfigurer - Global AuthenticationManager configured with AuthenticationProvider bean with name authenticationProvider
2025-09-16 20:36:05 - o.s.s.c.a.a.c.InitializeUserDetailsBeanManagerConfigurer$InitializeUserDetailsManagerConfigurer - Global AuthenticationManager configured with an AuthenticationProvider bean. UserDetailsService beans will not be used by Spring Security for automatically configuring username/password login. Consider removing the AuthenticationProvider bean. Alternatively, consider using the UserDetailsService in a manually instantiated DaoAuthenticationProvider. If the current configuration is intentional, to turn off this warning, increase the logging level of 'org.springframework.security.config.annotation.authentication.configuration.InitializeUserDetailsBeanManagerConfigurer' to ERROR
2025-09-16 20:36:05 - o.s.b.a.o.j.JpaBaseConfiguration$JpaWebConfiguration - spring.jpa.open-in-view is enabled by default. Therefore, database queries may be performed during view rendering. Explicitly configure spring.jpa.open-in-view to disable this warning
2025-09-16 20:36:05 - o.s.v.b.OptionalValidatorFactoryBean - Failed to set up a Bean Validation provider: jakarta.validation.NoProviderFoundException: Unable to create a Configuration, because no Jakarta Bean Validation provider could be found. Add a provider like Hibernate Validator (RI) to your classpath.
2025-09-16 20:36:05 - o.s.b.d.a.OptionalLiveReloadServer - LiveReload server is running on port 35729
2025-09-16 20:36:05 - o.s.b.w.e.tomcat.TomcatWebServer - Tomcat started on port 8099 (http) with context path '/'
2025-09-16 20:36:05 - c.e.C.CustomermanagementApplication - Started CustomermanagementApplication in 2.505 seconds (process running for 2.686)
2025-09-16 20:36:11 - o.a.c.c.C.[Tomcat].[localhost].[/] - Initializing Spring DispatcherServlet 'dispatcherServlet'
2025-09-16 20:36:11 - o.s.web.servlet.DispatcherServlet - Initializing Servlet 'dispatcherServlet'
2025-09-16 20:36:11 - o.s.web.servlet.DispatcherServlet - Completed initialization in 1 ms
2025-09-16 20:36:11 - c.e.C.auth.Controller.Authcontroller - ********* Login Controller called ****** in 127.0.0.1
2025-09-16 20:36:11 - c.e.C.a.Serviceimpl.Authserviceimpl - *********** Login API Called ******************
2025-09-16 20:36:18 - c.e.C.auth.Controller.Authcontroller - ********* Login Controller called ****** in 127.0.0.1
2025-09-16 20:36:18 - c.e.C.a.Serviceimpl.Authserviceimpl - *********** Login API Called ******************
2025-09-16 21:04:59 - o.s.b.w.e.tomcat.GracefulShutdown - Commencing graceful shutdown. Waiting for active requests to complete
2025-09-16 21:04:59 - o.s.b.w.e.tomcat.GracefulShutdown - Graceful shutdown complete
2025-09-16 21:04:59 - o.s.o.j.LocalContainerEntityManagerFactoryBean - Closing JPA EntityManagerFactory for persistence unit 'default'
2025-09-16 21:04:59 - com.zaxxer.hikari.HikariDataSource - HikariPool-1 - Shutdown initiated...
2025-09-16 21:04:59 - com.zaxxer.hikari.HikariDataSource - HikariPool-1 - Shutdown completed.
2025-09-16 21:05:06 - c.e.C.CustomermanagementApplicationTests - Starting CustomermanagementApplicationTests using Java 17.0.16 with PID 14200 (started by santhoshkumar in /home/santhoshkumar/Desktop/interview perparations/Spring boot/Security/Customermanagement)
2025-09-16 21:05:06 - c.e.C.CustomermanagementApplicationTests - Running with Spring Boot v3.5.5, Spring v6.2.10
2025-09-16 21:05:06 - c.e.C.CustomermanagementApplicationTests - The following 1 profile is active: "dev"
2025-09-16 21:05:07 - o.s.d.r.c.RepositoryConfigurationDelegate - Bootstrapping Spring Data JPA repositories in DEFAULT mode.
2025-09-16 21:05:07 - o.s.d.r.c.RepositoryConfigurationDelegate - Finished Spring Data repository scanning in 27 ms. Found 1 JPA repository interface.
2025-09-16 21:05:07 - o.h.jpa.internal.util.LogHelper - HHH000204: Processing PersistenceUnitInfo [name: default]
2025-09-16 21:05:07 - org.hibernate.Version - HHH000412: Hibernate ORM core version 6.6.26.Final
2025-09-16 21:05:07 - o.h.c.i.RegionFactoryInitiator - HHH000026: Second-level cache disabled
2025-09-16 21:05:07 - o.s.o.j.p.SpringPersistenceUnitInfo - No LoadTimeWeaver setup: ignoring JPA class transformer
2025-09-16 21:05:07 - com.zaxxer.hikari.HikariDataSource - HikariPool-1 - Starting...
2025-09-16 21:05:07 - com.zaxxer.hikari.pool.HikariPool - HikariPool-1 - Added connection org.postgresql.jdbc.PgConnection@72ceafeb
2025-09-16 21:05:07 - com.zaxxer.hikari.HikariDataSource - HikariPool-1 - Start completed.
2025-09-16 21:05:07 - o.hibernate.orm.connections.pooling - HHH10001005: Database info:
	Database JDBC URL [Connecting through datasource 'HikariDataSource (HikariPool-1)']
	Database driver: undefined/unknown
	Database version: 17.4
	Autocommit mode: undefined/unknown
	Isolation level: undefined/unknown
	Minimum pool size: undefined/unknown
	Maximum pool size: undefined/unknown
2025-09-16 21:05:08 - o.h.e.t.j.p.i.JtaPlatformInitiator - HHH000489: No JTA platform available (set 'hibernate.transaction.jta.platform' to enable JTA platform integration)
2025-09-16 21:05:08 - o.s.o.j.LocalContainerEntityManagerFactoryBean - Initialized JPA EntityManagerFactory for persistence unit 'default'
2025-09-16 21:05:08 - o.s.s.c.a.a.c.InitializeAuthenticationProviderBeanManagerConfigurer$InitializeAuthenticationProviderManagerConfigurer - Global AuthenticationManager configured with AuthenticationProvider bean with name authenticationProvider
2025-09-16 21:05:08 - o.s.s.c.a.a.c.InitializeUserDetailsBeanManagerConfigurer$InitializeUserDetailsManagerConfigurer - Global AuthenticationManager configured with an AuthenticationProvider bean. UserDetailsService beans will not be used by Spring Security for automatically configuring username/password login. Consider removing the AuthenticationProvider bean. Alternatively, consider using the UserDetailsService in a manually instantiated DaoAuthenticationProvider. If the current configuration is intentional, to turn off this warning, increase the logging level of 'org.springframework.security.config.annotation.authentication.configuration.InitializeUserDetailsBeanManagerConfigurer' to ERROR
2025-09-16 21:05:08 - o.s.b.a.o.j.JpaBaseConfiguration$JpaWebConfiguration - spring.jpa.open-in-view is enabled by default. Therefore, database queries may be performed during view rendering. Explicitly configure spring.jpa.open-in-view to disable this warning
2025-09-16 21:05:09 - o.s.b.a.e.web.EndpointLinksResolver - Exposing 1 endpoint beneath base path '/actuator'
2025-09-16 21:05:09 - o.s.v.b.OptionalValidatorFactoryBean - Failed to set up a Bean Validation provider: jakarta.validation.NoProviderFoundException: Unable to create a Configuration, because no Jakarta Bean Validation provider could be found. Add a provider like Hibernate Validator (RI) to your classpath.
2025-09-16 21:05:09 - c.e.C.CustomermanagementApplicationTests - Started CustomermanagementApplicationTests in 3.276 seconds (process running for 3.894)
2025-09-16 21:05:09 - o.s.o.j.LocalContainerEntityManagerFactoryBean - Closing JPA EntityManagerFactory for persistence unit 'default'
2025-09-16 21:05:09 - com.zaxxer.hikari.HikariDataSource - HikariPool-1 - Shutdown initiated...
2025-09-16 21:05:09 - com.zaxxer.hikari.HikariDataSource - HikariPool-1 - Shutdown completed.
2025-09-16 21:05:16 - c.e.C.CustomermanagementApplication - Starting CustomermanagementApplication using Java 17.0.16 with PID 14371 (/home/santhoshkumar/Desktop/interview perparations/Spring boot/Security/Customermanagement/target/classes started by santhoshkumar in /home/santhoshkumar/Desktop/interview perparations/Spring boot/Security/Customermanagement)
2025-09-16 21:05:16 - c.e.C.CustomermanagementApplication - Running with Spring Boot v3.5.5, Spring v6.2.10
2025-09-16 21:05:16 - c.e.C.CustomermanagementApplication - The following 1 profile is active: "dev"
2025-09-16 21:05:16 - o.s.b.d.e.DevToolsPropertyDefaultsPostProcessor - Devtools property defaults active! Set 'spring.devtools.add-properties' to 'false' to disable
2025-09-16 21:05:16 - o.s.b.d.e.DevToolsPropertyDefaultsPostProcessor - For additional web related logging consider setting the 'logging.level.web' property to 'DEBUG'
2025-09-16 21:05:16 - o.s.d.r.c.RepositoryConfigurationDelegate - Bootstrapping Spring Data JPA repositories in DEFAULT mode.
2025-09-16 21:05:16 - o.s.d.r.c.RepositoryConfigurationDelegate - Finished Spring Data repository scanning in 26 ms. Found 1 JPA repository interface.
2025-09-16 21:05:17 - o.s.b.w.e.tomcat.TomcatWebServer - Tomcat initialized with port 8099 (http)
2025-09-16 21:05:17 - o.a.catalina.core.StandardService - Starting service [Tomcat]
2025-09-16 21:05:17 - o.a.catalina.core.StandardEngine - Starting Servlet engine: [Apache Tomcat/10.1.44]
2025-09-16 21:05:17 - o.a.c.c.C.[Tomcat].[localhost].[/] - Initializing Spring embedded WebApplicationContext
2025-09-16 21:05:17 - o.s.b.w.s.c.ServletWebServerApplicationContext - Root WebApplicationContext: initialization completed in 921 ms
2025-09-16 21:05:17 - o.h.jpa.internal.util.LogHelper - HHH000204: Processing PersistenceUnitInfo [name: default]
2025-09-16 21:05:17 - org.hibernate.Version - HHH000412: Hibernate ORM core version 6.6.26.Final
2025-09-16 21:05:17 - o.h.c.i.RegionFactoryInitiator - HHH000026: Second-level cache disabled
2025-09-16 21:05:17 - o.s.o.j.p.SpringPersistenceUnitInfo - No LoadTimeWeaver setup: ignoring JPA class transformer
2025-09-16 21:05:17 - com.zaxxer.hikari.HikariDataSource - HikariPool-1 - Starting...
2025-09-16 21:05:17 - com.zaxxer.hikari.pool.HikariPool - HikariPool-1 - Added connection org.postgresql.jdbc.PgConnection@1a8ec3cc
2025-09-16 21:05:17 - com.zaxxer.hikari.HikariDataSource - HikariPool-1 - Start completed.
2025-09-16 21:05:17 - o.hibernate.orm.connections.pooling - HHH10001005: Database info:
	Database JDBC URL [Connecting through datasource 'HikariDataSource (HikariPool-1)']
	Database driver: undefined/unknown
	Database version: 17.4
	Autocommit mode: undefined/unknown
	Isolation level: undefined/unknown
	Minimum pool size: undefined/unknown
	Maximum pool size: undefined/unknown
2025-09-16 21:05:18 - o.h.e.t.j.p.i.JtaPlatformInitiator - HHH000489: No JTA platform available (set 'hibernate.transaction.jta.platform' to enable JTA platform integration)
2025-09-16 21:05:18 - o.s.o.j.LocalContainerEntityManagerFactoryBean - Initialized JPA EntityManagerFactory for persistence unit 'default'
2025-09-16 21:05:18 - c.e.C.auth.Authfilter.Jwtfilter - Filter 'jwtfilter' configured for use
2025-09-16 21:05:18 - o.s.s.c.a.a.c.InitializeAuthenticationProviderBeanManagerConfigurer$InitializeAuthenticationProviderManagerConfigurer - Global AuthenticationManager configured with AuthenticationProvider bean with name authenticationProvider
2025-09-16 21:05:18 - o.s.s.c.a.a.c.InitializeUserDetailsBeanManagerConfigurer$InitializeUserDetailsManagerConfigurer - Global AuthenticationManager configured with an AuthenticationProvider bean. UserDetailsService beans will not be used by Spring Security for automatically configuring username/password login. Consider removing the AuthenticationProvider bean. Alternatively, consider using the UserDetailsService in a manually instantiated DaoAuthenticationProvider. If the current configuration is intentional, to turn off this warning, increase the logging level of 'org.springframework.security.config.annotation.authentication.configuration.InitializeUserDetailsBeanManagerConfigurer' to ERROR
2025-09-16 21:05:18 - o.s.b.a.o.j.JpaBaseConfiguration$JpaWebConfiguration - spring.jpa.open-in-view is enabled by default. Therefore, database queries may be performed during view rendering. Explicitly configure spring.jpa.open-in-view to disable this warning
2025-09-16 21:05:18 - o.s.b.a.e.web.EndpointLinksResolver - Exposing 1 endpoint beneath base path '/actuator'
2025-09-16 21:05:18 - o.s.v.b.OptionalValidatorFactoryBean - Failed to set up a Bean Validation provider: jakarta.validation.NoProviderFoundException: Unable to create a Configuration, because no Jakarta Bean Validation provider could be found. Add a provider like Hibernate Validator (RI) to your classpath.
2025-09-16 21:05:18 - o.s.b.d.a.OptionalLiveReloadServer - LiveReload server is running on port 35729
2025-09-16 21:05:18 - o.s.b.w.e.tomcat.TomcatWebServer - Tomcat started on port 8099 (http) with context path '/'
2025-09-16 21:05:18 - c.e.C.CustomermanagementApplication - Started CustomermanagementApplication in 2.815 seconds (process running for 2.99)
2025-09-16 21:07:38 - o.s.b.w.e.tomcat.GracefulShutdown - Commencing graceful shutdown. Waiting for active requests to complete
2025-09-16 21:07:38 - o.s.b.w.e.tomcat.GracefulShutdown - Graceful shutdown complete
2025-09-16 21:07:38 - o.s.o.j.LocalContainerEntityManagerFactoryBean - Closing JPA EntityManagerFactory for persistence unit 'default'
2025-09-16 21:07:38 - com.zaxxer.hikari.HikariDataSource - HikariPool-1 - Shutdown initiated...
2025-09-16 21:07:38 - com.zaxxer.hikari.HikariDataSource - HikariPool-1 - Shutdown completed.
2025-09-16 21:07:42 - c.e.C.CustomermanagementApplication - Starting CustomermanagementApplication using Java 17.0.16 with PID 15158 (/home/santhoshkumar/Desktop/interview perparations/Spring boot/Security/Customermanagement/target/classes started by santhoshkumar in /home/santhoshkumar/Desktop/interview perparations/Spring boot/Security/Customermanagement)
2025-09-16 21:07:42 - c.e.C.CustomermanagementApplication - Running with Spring Boot v3.5.5, Spring v6.2.10
2025-09-16 21:07:42 - c.e.C.CustomermanagementApplication - The following 1 profile is active: "dev"
2025-09-16 21:07:42 - o.s.b.d.e.DevToolsPropertyDefaultsPostProcessor - Devtools property defaults active! Set 'spring.devtools.add-properties' to 'false' to disable
2025-09-16 21:07:42 - o.s.b.d.e.DevToolsPropertyDefaultsPostProcessor - For additional web related logging consider setting the 'logging.level.web' property to 'DEBUG'
2025-09-16 21:07:42 - o.s.d.r.c.RepositoryConfigurationDelegate - Bootstrapping Spring Data JPA repositories in DEFAULT mode.
2025-09-16 21:07:42 - o.s.d.r.c.RepositoryConfigurationDelegate - Finished Spring Data repository scanning in 25 ms. Found 1 JPA repository interface.
2025-09-16 21:07:43 - o.s.b.w.e.tomcat.TomcatWebServer - Tomcat initialized with port 8099 (http)
2025-09-16 21:07:43 - o.a.catalina.core.StandardService - Starting service [Tomcat]
2025-09-16 21:07:43 - o.a.catalina.core.StandardEngine - Starting Servlet engine: [Apache Tomcat/10.1.44]
2025-09-16 21:07:43 - o.a.c.c.C.[Tomcat].[localhost].[/] - Initializing Spring embedded WebApplicationContext
2025-09-16 21:07:43 - o.s.b.w.s.c.ServletWebServerApplicationContext - Root WebApplicationContext: initialization completed in 882 ms
2025-09-16 21:07:43 - o.h.jpa.internal.util.LogHelper - HHH000204: Processing PersistenceUnitInfo [name: default]
2025-09-16 21:07:43 - org.hibernate.Version - HHH000412: Hibernate ORM core version 6.6.26.Final
2025-09-16 21:07:43 - o.h.c.i.RegionFactoryInitiator - HHH000026: Second-level cache disabled
2025-09-16 21:07:43 - o.s.o.j.p.SpringPersistenceUnitInfo - No LoadTimeWeaver setup: ignoring JPA class transformer
2025-09-16 21:07:43 - com.zaxxer.hikari.HikariDataSource - HikariPool-1 - Starting...
2025-09-16 21:07:43 - com.zaxxer.hikari.pool.HikariPool - HikariPool-1 - Added connection org.postgresql.jdbc.PgConnection@12d6b715
2025-09-16 21:07:43 - com.zaxxer.hikari.HikariDataSource - HikariPool-1 - Start completed.
2025-09-16 21:07:43 - o.hibernate.orm.connections.pooling - HHH10001005: Database info:
	Database JDBC URL [Connecting through datasource 'HikariDataSource (HikariPool-1)']
	Database driver: undefined/unknown
	Database version: 17.4
	Autocommit mode: undefined/unknown
	Isolation level: undefined/unknown
	Minimum pool size: undefined/unknown
	Maximum pool size: undefined/unknown
2025-09-16 21:07:44 - o.h.e.t.j.p.i.JtaPlatformInitiator - HHH000489: No JTA platform available (set 'hibernate.transaction.jta.platform' to enable JTA platform integration)
2025-09-16 21:07:44 - o.s.o.j.LocalContainerEntityManagerFactoryBean - Initialized JPA EntityManagerFactory for persistence unit 'default'
2025-09-16 21:07:44 - c.e.C.auth.Authfilter.Jwtfilter - Filter 'jwtfilter' configured for use
2025-09-16 21:07:44 - o.s.s.c.a.a.c.InitializeAuthenticationProviderBeanManagerConfigurer$InitializeAuthenticationProviderManagerConfigurer - Global AuthenticationManager configured with AuthenticationProvider bean with name authenticationProvider
2025-09-16 21:07:44 - o.s.s.c.a.a.c.InitializeUserDetailsBeanManagerConfigurer$InitializeUserDetailsManagerConfigurer - Global AuthenticationManager configured with an AuthenticationProvider bean. UserDetailsService beans will not be used by Spring Security for automatically configuring username/password login. Consider removing the AuthenticationProvider bean. Alternatively, consider using the UserDetailsService in a manually instantiated DaoAuthenticationProvider. If the current configuration is intentional, to turn off this warning, increase the logging level of 'org.springframework.security.config.annotation.authentication.configuration.InitializeUserDetailsBeanManagerConfigurer' to ERROR
2025-09-16 21:07:44 - o.s.b.a.o.j.JpaBaseConfiguration$JpaWebConfiguration - spring.jpa.open-in-view is enabled by default. Therefore, database queries may be performed during view rendering. Explicitly configure spring.jpa.open-in-view to disable this warning
2025-09-16 21:07:44 - o.s.b.a.e.web.EndpointLinksResolver - Exposing 4 endpoints beneath base path '/actuator'
2025-09-16 21:07:44 - o.s.v.b.OptionalValidatorFactoryBean - Failed to set up a Bean Validation provider: jakarta.validation.NoProviderFoundException: Unable to create a Configuration, because no Jakarta Bean Validation provider could be found. Add a provider like Hibernate Validator (RI) to your classpath.
2025-09-16 21:07:44 - o.s.b.d.a.OptionalLiveReloadServer - LiveReload server is running on port 35729
2025-09-16 21:07:44 - o.s.b.w.e.tomcat.TomcatWebServer - Tomcat started on port 8099 (http) with context path '/'
2025-09-16 21:07:44 - c.e.C.CustomermanagementApplication - Started CustomermanagementApplication in 2.739 seconds (process running for 2.913)
2025-09-16 21:07:55 - o.a.c.c.C.[Tomcat].[localhost].[/] - Initializing Spring DispatcherServlet 'dispatcherServlet'
2025-09-16 21:07:55 - o.s.web.servlet.DispatcherServlet - Initializing Servlet 'dispatcherServlet'
2025-09-16 21:07:55 - o.s.web.servlet.DispatcherServlet - Completed initialization in 1 ms
2025-09-16 21:09:03 - o.s.b.w.e.tomcat.GracefulShutdown - Commencing graceful shutdown. Waiting for active requests to complete
2025-09-16 21:09:03 - o.s.b.w.e.tomcat.GracefulShutdown - Graceful shutdown complete
2025-09-16 21:09:03 - o.s.o.j.LocalContainerEntityManagerFactoryBean - Closing JPA EntityManagerFactory for persistence unit 'default'
2025-09-16 21:09:03 - com.zaxxer.hikari.HikariDataSource - HikariPool-1 - Shutdown initiated...
2025-09-16 21:09:03 - com.zaxxer.hikari.HikariDataSource - HikariPool-1 - Shutdown completed.
2025-09-16 21:09:09 - c.e.C.CustomermanagementApplication - Starting CustomermanagementApplication using Java 17.0.16 with PID 15426 (/home/santhoshkumar/Desktop/interview perparations/Spring boot/Security/Customermanagement/target/classes started by santhoshkumar in /home/santhoshkumar/Desktop/interview perparations/Spring boot/Security/Customermanagement)
2025-09-16 21:09:09 - c.e.C.CustomermanagementApplication - Running with Spring Boot v3.5.5, Spring v6.2.10
2025-09-16 21:09:09 - c.e.C.CustomermanagementApplication - The following 1 profile is active: "dev"
2025-09-16 21:09:09 - o.s.b.d.e.DevToolsPropertyDefaultsPostProcessor - Devtools property defaults active! Set 'spring.devtools.add-properties' to 'false' to disable
2025-09-16 21:09:09 - o.s.b.d.e.DevToolsPropertyDefaultsPostProcessor - For additional web related logging consider setting the 'logging.level.web' property to 'DEBUG'
2025-09-16 21:09:10 - o.s.d.r.c.RepositoryConfigurationDelegate - Bootstrapping Spring Data JPA repositories in DEFAULT mode.
2025-09-16 21:09:10 - o.s.d.r.c.RepositoryConfigurationDelegate - Finished Spring Data repository scanning in 23 ms. Found 1 JPA repository interface.
2025-09-16 21:09:10 - o.s.b.w.e.tomcat.TomcatWebServer - Tomcat initialized with port 8099 (http)
2025-09-16 21:09:10 - o.a.catalina.core.StandardService - Starting service [Tomcat]
2025-09-16 21:09:10 - o.a.catalina.core.StandardEngine - Starting Servlet engine: [Apache Tomcat/10.1.44]
2025-09-16 21:09:10 - o.a.c.c.C.[Tomcat].[localhost].[/] - Initializing Spring embedded WebApplicationContext
2025-09-16 21:09:10 - o.s.b.w.s.c.ServletWebServerApplicationContext - Root WebApplicationContext: initialization completed in 898 ms
2025-09-16 21:09:10 - o.h.jpa.internal.util.LogHelper - HHH000204: Processing PersistenceUnitInfo [name: default]
2025-09-16 21:09:10 - org.hibernate.Version - HHH000412: Hibernate ORM core version 6.6.26.Final
2025-09-16 21:09:10 - o.h.c.i.RegionFactoryInitiator - HHH000026: Second-level cache disabled
2025-09-16 21:09:10 - o.s.o.j.p.SpringPersistenceUnitInfo - No LoadTimeWeaver setup: ignoring JPA class transformer
2025-09-16 21:09:10 - com.zaxxer.hikari.HikariDataSource - HikariPool-1 - Starting...
2025-09-16 21:09:10 - com.zaxxer.hikari.pool.HikariPool - HikariPool-1 - Added connection org.postgresql.jdbc.PgConnection@12d6b715
2025-09-16 21:09:10 - com.zaxxer.hikari.HikariDataSource - HikariPool-1 - Start completed.
2025-09-16 21:09:10 - o.hibernate.orm.connections.pooling - HHH10001005: Database info:
	Database JDBC URL [Connecting through datasource 'HikariDataSource (HikariPool-1)']
	Database driver: undefined/unknown
	Database version: 17.4
	Autocommit mode: undefined/unknown
	Isolation level: undefined/unknown
	Minimum pool size: undefined/unknown
	Maximum pool size: undefined/unknown
2025-09-16 21:09:11 - o.h.e.t.j.p.i.JtaPlatformInitiator - HHH000489: No JTA platform available (set 'hibernate.transaction.jta.platform' to enable JTA platform integration)
2025-09-16 21:09:11 - o.s.o.j.LocalContainerEntityManagerFactoryBean - Initialized JPA EntityManagerFactory for persistence unit 'default'
2025-09-16 21:09:11 - c.e.C.auth.Authfilter.Jwtfilter - Filter 'jwtfilter' configured for use
2025-09-16 21:09:11 - o.s.s.c.a.a.c.InitializeAuthenticationProviderBeanManagerConfigurer$InitializeAuthenticationProviderManagerConfigurer - Global AuthenticationManager configured with AuthenticationProvider bean with name authenticationProvider
2025-09-16 21:09:11 - o.s.s.c.a.a.c.InitializeUserDetailsBeanManagerConfigurer$InitializeUserDetailsManagerConfigurer - Global AuthenticationManager configured with an AuthenticationProvider bean. UserDetailsService beans will not be used by Spring Security for automatically configuring username/password login. Consider removing the AuthenticationProvider bean. Alternatively, consider using the UserDetailsService in a manually instantiated DaoAuthenticationProvider. If the current configuration is intentional, to turn off this warning, increase the logging level of 'org.springframework.security.config.annotation.authentication.configuration.InitializeUserDetailsBeanManagerConfigurer' to ERROR
2025-09-16 21:09:11 - o.s.b.a.o.j.JpaBaseConfiguration$JpaWebConfiguration - spring.jpa.open-in-view is enabled by default. Therefore, database queries may be performed during view rendering. Explicitly configure spring.jpa.open-in-view to disable this warning
2025-09-16 21:09:11 - o.s.b.a.e.web.EndpointLinksResolver - Exposing 4 endpoints beneath base path '/actuator'
2025-09-16 21:09:11 - o.s.v.b.OptionalValidatorFactoryBean - Failed to set up a Bean Validation provider: jakarta.validation.NoProviderFoundException: Unable to create a Configuration, because no Jakarta Bean Validation provider could be found. Add a provider like Hibernate Validator (RI) to your classpath.
2025-09-16 21:09:12 - o.s.b.d.a.OptionalLiveReloadServer - LiveReload server is running on port 35729
2025-09-16 21:09:12 - o.s.b.w.e.tomcat.TomcatWebServer - Tomcat started on port 8099 (http) with context path '/'
2025-09-16 21:09:12 - c.e.C.CustomermanagementApplication - Started CustomermanagementApplication in 2.812 seconds (process running for 2.994)
2025-09-16 21:09:16 - o.a.c.c.C.[Tomcat].[localhost].[/] - Initializing Spring DispatcherServlet 'dispatcherServlet'
2025-09-16 21:09:16 - o.s.web.servlet.DispatcherServlet - Initializing Servlet 'dispatcherServlet'
2025-09-16 21:09:16 - o.s.web.servlet.DispatcherServlet - Completed initialization in 1 ms
2025-09-16 21:10:43 - o.s.b.w.e.tomcat.GracefulShutdown - Commencing graceful shutdown. Waiting for active requests to complete
2025-09-16 21:10:43 - o.s.b.w.e.tomcat.GracefulShutdown - Graceful shutdown complete
2025-09-16 21:10:43 - o.s.o.j.LocalContainerEntityManagerFactoryBean - Closing JPA EntityManagerFactory for persistence unit 'default'
2025-09-16 21:10:43 - com.zaxxer.hikari.HikariDataSource - HikariPool-1 - Shutdown initiated...
2025-09-16 21:10:43 - com.zaxxer.hikari.HikariDataSource - HikariPool-1 - Shutdown completed.
2025-09-16 21:10:48 - c.e.C.CustomermanagementApplication - Starting CustomermanagementApplication using Java 17.0.16 with PID 15705 (/home/santhoshkumar/Desktop/interview perparations/Spring boot/Security/Customermanagement/target/classes started by santhoshkumar in /home/santhoshkumar/Desktop/interview perparations/Spring boot/Security/Customermanagement)
2025-09-16 21:10:48 - c.e.C.CustomermanagementApplication - Running with Spring Boot v3.5.5, Spring v6.2.10
2025-09-16 21:10:48 - c.e.C.CustomermanagementApplication - The following 1 profile is active: "dev"
2025-09-16 21:10:48 - o.s.b.d.e.DevToolsPropertyDefaultsPostProcessor - Devtools property defaults active! Set 'spring.devtools.add-properties' to 'false' to disable
2025-09-16 21:10:48 - o.s.b.d.e.DevToolsPropertyDefaultsPostProcessor - For additional web related logging consider setting the 'logging.level.web' property to 'DEBUG'
2025-09-16 21:10:48 - o.s.d.r.c.RepositoryConfigurationDelegate - Bootstrapping Spring Data JPA repositories in DEFAULT mode.
2025-09-16 21:10:48 - o.s.d.r.c.RepositoryConfigurationDelegate - Finished Spring Data repository scanning in 25 ms. Found 1 JPA repository interface.
2025-09-16 21:10:48 - o.s.b.w.e.tomcat.TomcatWebServer - Tomcat initialized with port 8099 (http)
2025-09-16 21:10:48 - o.a.catalina.core.StandardService - Starting service [Tomcat]
2025-09-16 21:10:48 - o.a.catalina.core.StandardEngine - Starting Servlet engine: [Apache Tomcat/10.1.44]
2025-09-16 21:10:49 - o.a.c.c.C.[Tomcat].[localhost].[/] - Initializing Spring embedded WebApplicationContext
2025-09-16 21:10:49 - o.s.b.w.s.c.ServletWebServerApplicationContext - Root WebApplicationContext: initialization completed in 930 ms
2025-09-16 21:10:49 - o.h.jpa.internal.util.LogHelper - HHH000204: Processing PersistenceUnitInfo [name: default]
2025-09-16 21:10:49 - org.hibernate.Version - HHH000412: Hibernate ORM core version 6.6.26.Final
2025-09-16 21:10:49 - o.h.c.i.RegionFactoryInitiator - HHH000026: Second-level cache disabled
2025-09-16 21:10:49 - o.s.o.j.p.SpringPersistenceUnitInfo - No LoadTimeWeaver setup: ignoring JPA class transformer
2025-09-16 21:10:49 - com.zaxxer.hikari.HikariDataSource - HikariPool-1 - Starting...
2025-09-16 21:10:49 - com.zaxxer.hikari.pool.HikariPool - HikariPool-1 - Added connection org.postgresql.jdbc.PgConnection@4f35ec93
2025-09-16 21:10:49 - com.zaxxer.hikari.HikariDataSource - HikariPool-1 - Start completed.
2025-09-16 21:10:49 - o.hibernate.orm.connections.pooling - HHH10001005: Database info:
	Database JDBC URL [Connecting through datasource 'HikariDataSource (HikariPool-1)']
	Database driver: undefined/unknown
	Database version: 17.4
	Autocommit mode: undefined/unknown
	Isolation level: undefined/unknown
	Minimum pool size: undefined/unknown
	Maximum pool size: undefined/unknown
2025-09-16 21:10:49 - o.h.e.t.j.p.i.JtaPlatformInitiator - HHH000489: No JTA platform available (set 'hibernate.transaction.jta.platform' to enable JTA platform integration)
2025-09-16 21:10:49 - o.s.o.j.LocalContainerEntityManagerFactoryBean - Initialized JPA EntityManagerFactory for persistence unit 'default'
2025-09-16 21:10:50 - c.e.C.auth.Authfilter.Jwtfilter - Filter 'jwtfilter' configured for use
2025-09-16 21:10:50 - o.s.s.c.a.a.c.InitializeAuthenticationProviderBeanManagerConfigurer$InitializeAuthenticationProviderManagerConfigurer - Global AuthenticationManager configured with AuthenticationProvider bean with name authenticationProvider
2025-09-16 21:10:50 - o.s.s.c.a.a.c.InitializeUserDetailsBeanManagerConfigurer$InitializeUserDetailsManagerConfigurer - Global AuthenticationManager configured with an AuthenticationProvider bean. UserDetailsService beans will not be used by Spring Security for automatically configuring username/password login. Consider removing the AuthenticationProvider bean. Alternatively, consider using the UserDetailsService in a manually instantiated DaoAuthenticationProvider. If the current configuration is intentional, to turn off this warning, increase the logging level of 'org.springframework.security.config.annotation.authentication.configuration.InitializeUserDetailsBeanManagerConfigurer' to ERROR
2025-09-16 21:10:50 - o.s.b.a.o.j.JpaBaseConfiguration$JpaWebConfiguration - spring.jpa.open-in-view is enabled by default. Therefore, database queries may be performed during view rendering. Explicitly configure spring.jpa.open-in-view to disable this warning
2025-09-16 21:10:50 - o.s.b.a.e.web.EndpointLinksResolver - Exposing 4 endpoints beneath base path '/actuator'
2025-09-16 21:10:50 - o.s.v.b.OptionalValidatorFactoryBean - Failed to set up a Bean Validation provider: jakarta.validation.NoProviderFoundException: Unable to create a Configuration, because no Jakarta Bean Validation provider could be found. Add a provider like Hibernate Validator (RI) to your classpath.
2025-09-16 21:10:50 - o.s.b.d.a.OptionalLiveReloadServer - LiveReload server is running on port 35729
2025-09-16 21:10:50 - o.s.b.w.e.tomcat.TomcatWebServer - Tomcat started on port 8099 (http) with context path '/'
2025-09-16 21:10:50 - c.e.C.CustomermanagementApplication - Started CustomermanagementApplication in 2.816 seconds (process running for 2.99)
2025-09-16 21:11:00 - o.a.c.c.C.[Tomcat].[localhost].[/] - Initializing Spring DispatcherServlet 'dispatcherServlet'
2025-09-16 21:11:00 - o.s.web.servlet.DispatcherServlet - Initializing Servlet 'dispatcherServlet'
2025-09-16 21:11:00 - o.s.web.servlet.DispatcherServlet - Completed initialization in 1 ms
